<?xml version="1.0" encoding="UTF-8"?>
<!-- Generated by org.testng.reporters.JUnitReportReporter -->
<testsuite hostname="DESKTOP-V7M1P3H" failures="0" tests="1" name="testpack.Testclass1" time="0.000" errors="0" timestamp="2022-06-08T19:15:35 IST" skipped="0">
  <testcase classname="testpack.Testclass1" name="test" time="0.000"/>
  <system-out/>
</testsuite> <!-- testpack.Testclass1 -->
